<?xml version="1.0" encoding="UTF-8"?>
<testsuite xmlns:xsi="http://www.w3.org/2001/XMLSchema-instance" xsi:noNamespaceSchemaLocation="https://maven.apache.org/surefire/maven-surefire-plugin/xsd/surefire-test-report-3.0.xsd" version="3.0" name="com.practice.PracticeApplicationTests" time="38.672" tests="1" errors="0" skipped="0" failures="0">
  <properties>
[...]
</properties>
  <testcase name="contextLoads" classname="com.practice.PracticeApplicationTests" time="12.446">
    <system-out><![CDATA[16:05:43.631 [main] INFO org.springframework.test.context.support.AnnotationConfigContextLoaderUtils -- Could not detect default configuration classes for test class [com.practice.PracticeApplicationTests]: PracticeApplicationTests does not declare any static, non-private, non-final, nested classes annotated with @Configuration.
16:05:44.609 [main] INFO org.springframework.boot.test.context.SpringBootTestContextBootstrapper -- Found @SpringBootConfiguration com.practice.PracticeApplication for test class com.practice.PracticeApplicationTests
16:05:47.431 [main] INFO org.springframework.boot.devtools.restart.RestartApplicationListener -- Restart disabled due to context in which it is running

  .   ____          _            __ _ _
 /\\ / ___'_ __ _ _(_)_ __  __ _ \ \ \ \
( ( )\___ | '_ | '_| | '_ \/ _` | \ \ \ \
 \\/  ___)| |_)| | | | | || (_| |  ) ) ) )
  '  |____| .__|_| |_|_| |_\__, | / / / /
 =========|_|==============|___/=/_/_/_/
 :: Spring Boot ::                (v3.2.2)

2024-02-16T16:05:50.509+05:30  INFO 10360 --- [           main] com.practice.PracticeApplicationTests    : Starting PracticeApplicationTests using Java 17.0.9 with PID 10360 (started by AR in C:\Users\AR\Documents\workspace-spring-tool-suite-4-4.21.0.RELEASE\practice)
2024-02-16T16:05:50.512+05:30  INFO 10360 --- [           main] com.practice.PracticeApplicationTests    : No active profile set, falling back to 1 default profile: "default"
2024-02-16T16:06:09.132+05:30  INFO 10360 --- [           main] com.practice.PracticeApplicationTests    : Started PracticeApplicationTests in 22.009 seconds (process running for 28.387)
]]></system-out>
  </testcase>
</testsuite>